<?xml version="1.0" encoding="UTF-8"?>
<testng-results ignored="0" total="1" passed="1" failed="0" skipped="0">
  <reporter-output>
    <line>
      <![CDATA[Soumya]]>
    </line>
    <line>
      <![CDATA[Soumya]]>
    </line>
    <line>
      <![CDATA[Soumya]]>
    </line>
    <line>
      <![CDATA[Soumya]]>
    </line>
    <line>
      <![CDATA[Soumya]]>
    </line>
    <line>
      <![CDATA[Soumya]]>
    </line>
    <line>
      <![CDATA[Soumya]]>
    </line>
    <line>
      <![CDATA[Soumya]]>
    </line>
    <line>
      <![CDATA[Soumya]]>
    </line>
    <line>
      <![CDATA[Soumya]]>
    </line>
    <line>
      <![CDATA[Soumya]]>
    </line>
    <line>
      <![CDATA[Soumya]]>
    </line>
    <line>
      <![CDATA[Soumya]]>
    </line>
    <line>
      <![CDATA[Soumya]]>
    </line>
    <line>
      <![CDATA[Soumya]]>
    </line>
    <line>
      <![CDATA[Soumya]]>
    </line>
    <line>
      <![CDATA[Soumya]]>
    </line>
    <line>
      <![CDATA[Soumya]]>
    </line>
  </reporter-output>
  <suite started-at="2023-07-13T14:53:11 IST" name="Default suite" finished-at="2023-07-13T14:53:11 IST" duration-ms="38">
    <groups>
    </groups>
    <test started-at="2023-07-13T14:53:11 IST" name="Default test" finished-at="2023-07-13T14:53:11 IST" duration-ms="38">
      <class name="practice.Test1">
        <test-method signature="test()[pri:0, instance:practice.Test1@4d465b11]" started-at="2023-07-13T14:53:11 IST" name="test" finished-at="2023-07-13T14:53:11 IST" duration-ms="6" status="PASS">
          <reporter-output>
            <line>
              <![CDATA[Soumya]]>
            </line>
            <line>
              <![CDATA[Soumya]]>
            </line>
            <line>
              <![CDATA[Soumya]]>
            </line>
            <line>
              <![CDATA[Soumya]]>
            </line>
            <line>
              <![CDATA[Soumya]]>
            </line>
            <line>
              <![CDATA[Soumya]]>
            </line>
            <line>
              <![CDATA[Soumya]]>
            </line>
            <line>
              <![CDATA[Soumya]]>
            </line>
            <line>
              <![CDATA[Soumya]]>
            </line>
            <line>
              <![CDATA[Soumya]]>
            </line>
            <line>
              <![CDATA[Soumya]]>
            </line>
            <line>
              <![CDATA[Soumya]]>
            </line>
            <line>
              <![CDATA[Soumya]]>
            </line>
            <line>
              <![CDATA[Soumya]]>
            </line>
            <line>
              <![CDATA[Soumya]]>
            </line>
            <line>
              <![CDATA[Soumya]]>
            </line>
            <line>
              <![CDATA[Soumya]]>
            </line>
            <line>
              <![CDATA[Soumya]]>
            </line>
          </reporter-output>
        </test-method> <!-- test -->
      </class> <!-- practice.Test1 -->
    </test> <!-- Default test -->
  </suite> <!-- Default suite -->
</testng-results>
